<?xml version="1.0" encoding="UTF-8"?>
<!-- Generated by org.testng.reporters.JUnitReportReporter -->
<testsuite hostname="DESKTOP-QHDOD9N" failures="0" tests="1" name="com.automation.test.AmazonTest" time="57.072" errors="0" timestamp="30 Dec 2022 03:21:23 GMT" skipped="0">
  <testcase classname="com.automation.test.AmazonTest" name="AutomateAmazonTest" time="57.072"/>
</testsuite> <!-- com.automation.test.AmazonTest -->
